{"type":"STATE","value":{}}
{"type":"SCHEMA","stream":"circuits","schema":{"properties":{"circuitId":{"type":["string","null"]},"url":{"format":"uri","type":["string","null"]},"circuitName":{"type":["string","null"]},"Location":{"properties":{"lat":{"type":["string","null"]},"long":{"type":["string","null"]},"locality":{"type":["string","null"]},"country":{"type":["string","null"]}},"type":["object","null"]}},"type":"object"},"key_properties":["circuitId"]}
{"type":"RECORD","stream":"circuits","record":{"circuitId":"albert_park","url":"http://en.wikipedia.org/wiki/Melbourne_Grand_Prix_Circuit","circuitName":"Albert Park Grand Prix Circuit","Location":{"lat":"-37.8497","long":"144.968","locality":"Melbourne","country":"Australia"}},"time_extracted":"2024-06-05T11:33:35.212164+00:00"}
{"type":"RECORD","stream":"circuits","record":{"circuitId":"americas","url":"http://en.wikipedia.org/wiki/Circuit_of_the_Americas","circuitName":"Circuit of the Americas","Location":{"lat":"30.1328","long":"-97.6411","locality":"Austin","country":"USA"}},"time_extracted":"2024-06-05T11:33:35.212335+00:00"}
{"type":"RECORD","stream":"circuits","record":{"circuitId":"bahrain","url":"http://en.wikipedia.org/wiki/Bahrain_International_Circuit","circuitName":"Bahrain International Circuit","Location":{"lat":"26.0325","long":"50.5106","locality":"Sakhir","country":"Bahrain"}},"time_extracted":"2024-06-05T11:33:35.212409+00:00"}
{"type":"RECORD","stream":"circuits","record":{"circuitId":"baku","url":"http://en.wikipedia.org/wiki/Baku_City_Circuit","circuitName":"Baku City Circuit","Location":{"lat":"40.3725","long":"49.8533","locality":"Baku","country":"Azerbaijan"}},"time_extracted":"2024-06-05T11:33:35.212476+00:00"}
{"type":"RECORD","stream":"circuits","record":{"circuitId":"catalunya","url":"http://en.wikipedia.org/wiki/Circuit_de_Barcelona-Catalunya","circuitName":"Circuit de Barcelona-Catalunya","Location":{"lat":"41.57","long":"2.26111","locality":"Montmel\u00f3","country":"Spain"}},"time_extracted":"2024-06-05T11:33:35.212540+00:00"}
{"type":"RECORD","stream":"circuits","record":{"circuitId":"hungaroring","url":"http://en.wikipedia.org/wiki/Hungaroring","circuitName":"Hungaroring","Location":{"lat":"47.5789","long":"19.2486","locality":"Budapest","country":"Hungary"}},"time_extracted":"2024-06-05T11:33:35.212603+00:00"}
{"type":"RECORD","stream":"circuits","record":{"circuitId":"imola","url":"http://en.wikipedia.org/wiki/Autodromo_Enzo_e_Dino_Ferrari","circuitName":"Autodromo Enzo e Dino Ferrari","Location":{"lat":"44.3439","long":"11.7167","locality":"Imola","country":"Italy"}},"time_extracted":"2024-06-05T11:33:35.212665+00:00"}
{"type":"RECORD","stream":"circuits","record":{"circuitId":"interlagos","url":"http://en.wikipedia.org/wiki/Aut%C3%B3dromo_Jos%C3%A9_Carlos_Pace","circuitName":"Aut\u00f3dromo Jos\u00e9 Carlos Pace","Location":{"lat":"-23.7036","long":"-46.6997","locality":"S\u00e3o Paulo","country":"Brazil"}},"time_extracted":"2024-06-05T11:33:35.212726+00:00"}
{"type":"RECORD","stream":"circuits","record":{"circuitId":"jeddah","url":"http://en.wikipedia.org/wiki/Jeddah_Street_Circuit","circuitName":"Jeddah Corniche Circuit","Location":{"lat":"21.6319","long":"39.1044","locality":"Jeddah","country":"Saudi Arabia"}},"time_extracted":"2024-06-05T11:33:35.212787+00:00"}
{"type":"RECORD","stream":"circuits","record":{"circuitId":"losail","url":"http://en.wikipedia.org/wiki/Losail_International_Circuit","circuitName":"Losail International Circuit","Location":{"lat":"25.49","long":"51.4542","locality":"Al Daayen","country":"Qatar"}},"time_extracted":"2024-06-05T11:33:35.212849+00:00"}
{"type":"RECORD","stream":"circuits","record":{"circuitId":"marina_bay","url":"http://en.wikipedia.org/wiki/Marina_Bay_Street_Circuit","circuitName":"Marina Bay Street Circuit","Location":{"lat":"1.2914","long":"103.864","locality":"Marina Bay","country":"Singapore"}},"time_extracted":"2024-06-05T11:33:35.212909+00:00"}
{"type":"RECORD","stream":"circuits","record":{"circuitId":"miami","url":"http://en.wikipedia.org/wiki/Miami_International_Autodrome","circuitName":"Miami International Autodrome","Location":{"lat":"25.9581","long":"-80.2389","locality":"Miami","country":"USA"}},"time_extracted":"2024-06-05T11:33:35.212970+00:00"}
{"type":"RECORD","stream":"circuits","record":{"circuitId":"monaco","url":"http://en.wikipedia.org/wiki/Circuit_de_Monaco","circuitName":"Circuit de Monaco","Location":{"lat":"43.7347","long":"7.42056","locality":"Monte-Carlo","country":"Monaco"}},"time_extracted":"2024-06-05T11:33:35.213045+00:00"}
{"type":"RECORD","stream":"circuits","record":{"circuitId":"monza","url":"http://en.wikipedia.org/wiki/Autodromo_Nazionale_Monza","circuitName":"Autodromo Nazionale di Monza","Location":{"lat":"45.6156","long":"9.28111","locality":"Monza","country":"Italy"}},"time_extracted":"2024-06-05T11:33:35.213109+00:00"}
{"type":"RECORD","stream":"circuits","record":{"circuitId":"red_bull_ring","url":"http://en.wikipedia.org/wiki/Red_Bull_Ring","circuitName":"Red Bull Ring","Location":{"lat":"47.2197","long":"14.7647","locality":"Spielberg","country":"Austria"}},"time_extracted":"2024-06-05T11:33:35.213171+00:00"}
{"type":"RECORD","stream":"circuits","record":{"circuitId":"rodriguez","url":"http://en.wikipedia.org/wiki/Aut%C3%B3dromo_Hermanos_Rodr%C3%ADguez","circuitName":"Aut\u00f3dromo Hermanos Rodr\u00edguez","Location":{"lat":"19.4042","long":"-99.0907","locality":"Mexico City","country":"Mexico"}},"time_extracted":"2024-06-05T11:33:35.213231+00:00"}
{"type":"RECORD","stream":"circuits","record":{"circuitId":"shanghai","url":"http://en.wikipedia.org/wiki/Shanghai_International_Circuit","circuitName":"Shanghai International Circuit","Location":{"lat":"31.3389","long":"121.22","locality":"Shanghai","country":"China"}},"time_extracted":"2024-06-05T11:33:35.213291+00:00"}
{"type":"RECORD","stream":"circuits","record":{"circuitId":"silverstone","url":"http://en.wikipedia.org/wiki/Silverstone_Circuit","circuitName":"Silverstone Circuit","Location":{"lat":"52.0786","long":"-1.01694","locality":"Silverstone","country":"UK"}},"time_extracted":"2024-06-05T11:33:35.213352+00:00"}
{"type":"RECORD","stream":"circuits","record":{"circuitId":"spa","url":"http://en.wikipedia.org/wiki/Circuit_de_Spa-Francorchamps","circuitName":"Circuit de Spa-Francorchamps","Location":{"lat":"50.4372","long":"5.97139","locality":"Spa","country":"Belgium"}},"time_extracted":"2024-06-05T11:33:35.213413+00:00"}
{"type":"RECORD","stream":"circuits","record":{"circuitId":"suzuka","url":"http://en.wikipedia.org/wiki/Suzuka_Circuit","circuitName":"Suzuka Circuit","Location":{"lat":"34.8431","long":"136.541","locality":"Suzuka","country":"Japan"}},"time_extracted":"2024-06-05T11:33:35.213473+00:00"}
{"type":"RECORD","stream":"circuits","record":{"circuitId":"vegas","url":"https://en.wikipedia.org/wiki/Las_Vegas_Grand_Prix#Circuit","circuitName":"Las Vegas Strip Street Circuit","Location":{"lat":"36.1147","long":"-115.173","locality":"Las Vegas","country":"United States"}},"time_extracted":"2024-06-05T11:33:35.213532+00:00"}
{"type":"RECORD","stream":"circuits","record":{"circuitId":"villeneuve","url":"http://en.wikipedia.org/wiki/Circuit_Gilles_Villeneuve","circuitName":"Circuit Gilles Villeneuve","Location":{"lat":"45.5","long":"-73.5228","locality":"Montreal","country":"Canada"}},"time_extracted":"2024-06-05T11:33:35.213592+00:00"}
{"type":"RECORD","stream":"circuits","record":{"circuitId":"yas_marina","url":"http://en.wikipedia.org/wiki/Yas_Marina_Circuit","circuitName":"Yas Marina Circuit","Location":{"lat":"24.4672","long":"54.6031","locality":"Abu Dhabi","country":"UAE"}},"time_extracted":"2024-06-05T11:33:35.213651+00:00"}
{"type":"RECORD","stream":"circuits","record":{"circuitId":"zandvoort","url":"http://en.wikipedia.org/wiki/Circuit_Zandvoort","circuitName":"Circuit Park Zandvoort","Location":{"lat":"52.3888","long":"4.54092","locality":"Zandvoort","country":"Netherlands"}},"time_extracted":"2024-06-05T11:33:35.213725+00:00"}
{"type":"STATE","value":{"bookmarks":{"seasons":{"starting_replication_value":"2024-01-01"},"circuits":{"partitions":[{"context":{"season":"2024"}}]}}}}
{"type":"STATE","value":{"bookmarks":{"seasons":{},"circuits":{"partitions":[{"context":{"season":"2024"}}]}}}}
{"type":"STATE","value":{"bookmarks":{"seasons":{},"circuits":{"partitions":[{"context":{"season":"2024"}}]},"qualifying_results":{}}}}
{"type":"STATE","value":{"bookmarks":{"seasons":{},"circuits":{"partitions":[{"context":{"season":"2024"}}]},"qualifying_results":{},"sprints_results":{}}}}
{"type":"STATE","value":{"bookmarks":{"seasons":{},"circuits":{"partitions":[{"context":{"season":"2024"}}]},"qualifying_results":{},"sprints_results":{},"laps":{}}}}
{"type":"STATE","value":{"bookmarks":{"seasons":{},"circuits":{"partitions":[{"context":{"season":"2024"}}]},"qualifying_results":{},"sprints_results":{},"laps":{},"race_results":{}}}}
{"type":"STATE","value":{"bookmarks":{"seasons":{},"circuits":{"partitions":[{"context":{"season":"2024"}}]},"qualifying_results":{},"sprints_results":{},"laps":{},"race_results":{},"pit_stops":{}}}}
{"type":"STATE","value":{"bookmarks":{"seasons":{},"circuits":{"partitions":[{"context":{"season":"2024"}}]},"qualifying_results":{},"sprints_results":{},"laps":{},"race_results":{},"pit_stops":{},"driver_standings":{}}}}
{"type":"STATE","value":{"bookmarks":{"seasons":{},"circuits":{"partitions":[{"context":{"season":"2024"}}]},"qualifying_results":{},"sprints_results":{},"laps":{},"race_results":{},"pit_stops":{},"driver_standings":{},"constructor_standings":{}}}}
{"type":"STATE","value":{"bookmarks":{"seasons":{},"circuits":{"partitions":[{"context":{"season":"2024"}}]},"qualifying_results":{},"sprints_results":{},"laps":{},"race_results":{},"pit_stops":{},"driver_standings":{},"constructor_standings":{},"races":{}}}}
{"type":"STATE","value":{"bookmarks":{"seasons":{},"circuits":{"partitions":[{"context":{"season":"2024"}}]},"qualifying_results":{},"sprints_results":{},"laps":{},"race_results":{},"pit_stops":{},"driver_standings":{},"constructor_standings":{},"races":{}}}}
{"type":"STATE","value":{"bookmarks":{"seasons":{},"circuits":{"partitions":[{"context":{"season":"2024"}}]},"qualifying_results":{},"sprints_results":{},"laps":{},"race_results":{},"pit_stops":{},"driver_standings":{},"constructor_standings":{},"races":{},"drivers":{}}}}
{"type":"STATE","value":{"bookmarks":{"seasons":{},"circuits":{"partitions":[{"context":{"season":"2024"}}]},"qualifying_results":{},"sprints_results":{},"laps":{},"race_results":{},"pit_stops":{},"driver_standings":{},"constructor_standings":{},"races":{},"drivers":{},"constructors":{}}}}
{"type":"STATE","value":{"bookmarks":{"seasons":{},"circuits":{"partitions":[{"context":{"season":"2024"}}]},"qualifying_results":{},"sprints_results":{},"laps":{},"race_results":{},"pit_stops":{},"driver_standings":{},"constructor_standings":{},"races":{},"drivers":{},"constructors":{}}}}
